<?xml version="1.0" encoding="UTF-8"?>
<coverage generated="1655960967637" clover="3.2.0">
  <project timestamp="1655960967637" name="All files">
    <metrics statements="40" coveredstatements="32" conditionals="0" coveredconditionals="0" methods="17" coveredmethods="7" elements="57" coveredelements="39" complexity="0" loc="40" ncloc="40" packages="3" files="6" classes="6"/>
    <package name="components.add-todo">
      <metrics statements="6" coveredstatements="4" conditionals="0" coveredconditionals="0" methods="3" coveredmethods="0"/>
      <file name="add-todo.component.html" path="/home/jlsaltos/Desktop/workspace_q2/todo-list-angular/src/app/todo-list/components/add-todo/add-todo.component.html">
        <metrics statements="1" coveredstatements="1" conditionals="0" coveredconditionals="0" methods="0" coveredmethods="0"/>
        <line num="1" count="1" type="stmt"/>
      </file>
      <file name="add-todo.component.ts" path="/home/jlsaltos/Desktop/workspace_q2/todo-list-angular/src/app/todo-list/components/add-todo/add-todo.component.ts">
        <metrics statements="5" coveredstatements="3" conditionals="0" coveredconditionals="0" methods="3" coveredmethods="0"/>
        <line num="1" count="1" type="stmt"/>
        <line num="2" count="1" type="stmt"/>
        <line num="9" count="1" type="stmt"/>
        <line num="14" count="0" type="stmt"/>
        <line num="18" count="0" type="stmt"/>
      </file>
    </package>
    <package name="components.todo-wrapper">
      <metrics statements="14" coveredstatements="13" conditionals="0" coveredconditionals="0" methods="6" coveredmethods="4"/>
      <file name="todo-wrapper.component.html" path="/home/jlsaltos/Desktop/workspace_q2/todo-list-angular/src/app/todo-list/components/todo-wrapper/todo-wrapper.component.html">
        <metrics statements="1" coveredstatements="1" conditionals="0" coveredconditionals="0" methods="0" coveredmethods="0"/>
        <line num="1" count="1" type="stmt"/>
      </file>
      <file name="todo-wrapper.component.ts" path="/home/jlsaltos/Desktop/workspace_q2/todo-list-angular/src/app/todo-list/components/todo-wrapper/todo-wrapper.component.ts">
        <metrics statements="13" coveredstatements="12" conditionals="0" coveredconditionals="0" methods="6" coveredmethods="4"/>
        <line num="1" count="1" type="stmt"/>
        <line num="2" count="1" type="stmt"/>
        <line num="3" count="1" type="stmt"/>
        <line num="5" count="1" type="stmt"/>
        <line num="12" count="1" type="stmt"/>
        <line num="14" count="1" type="stmt"/>
        <line num="17" count="1" type="stmt"/>
        <line num="18" count="1" type="stmt"/>
        <line num="19" count="1" type="stmt"/>
        <line num="22" count="1" type="stmt"/>
        <line num="23" count="1" type="stmt"/>
        <line num="27" count="1" type="stmt"/>
        <line num="34" count="0" type="stmt"/>
      </file>
    </package>
    <package name="services">
      <metrics statements="20" coveredstatements="15" conditionals="0" coveredconditionals="0" methods="8" coveredmethods="3"/>
      <file name="state.service.ts" path="/home/jlsaltos/Desktop/workspace_q2/todo-list-angular/src/app/todo-list/services/state.service.ts">
        <metrics statements="9" coveredstatements="5" conditionals="0" coveredconditionals="0" methods="5" coveredmethods="1"/>
        <line num="1" count="1" type="stmt"/>
        <line num="2" count="1" type="stmt"/>
        <line num="8" count="1" type="stmt"/>
        <line num="10" count="1" type="stmt"/>
        <line num="11" count="1" type="stmt"/>
        <line num="16" count="0" type="stmt"/>
        <line num="20" count="0" type="stmt"/>
        <line num="24" count="0" type="stmt"/>
        <line num="28" count="0" type="stmt"/>
      </file>
      <file name="todo.service.ts" path="/home/jlsaltos/Desktop/workspace_q2/todo-list-angular/src/app/todo-list/services/todo.service.ts">
        <metrics statements="11" coveredstatements="10" conditionals="0" coveredconditionals="0" methods="3" coveredmethods="2"/>
        <line num="1" count="1" type="stmt"/>
        <line num="2" count="1" type="stmt"/>
        <line num="5" count="1" type="stmt"/>
        <line num="6" count="1" type="stmt"/>
        <line num="11" count="1" type="stmt"/>
        <line num="13" count="1" type="stmt"/>
        <line num="14" count="1" type="stmt"/>
        <line num="17" count="1" type="stmt"/>
        <line num="18" count="1" type="stmt"/>
        <line num="22" count="1" type="stmt"/>
        <line num="25" count="0" type="stmt"/>
      </file>
    </package>
  </project>
</coverage>
