{"/home/jlsaltos/Desktop/workspace_q2/todo-list-angular/src/app/todo-list/components/add-todo/add-todo.component.html": {"path":"/home/jlsaltos/Desktop/workspace_q2/todo-list-angular/src/app/todo-list/components/add-todo/add-todo.component.html","statementMap":{"0":{"start":{"line":1,"column":0},"end":{"line":1,"column":950}}},"fnMap":{},"branchMap":{},"s":{"0":1},"f":{},"b":{},"inputSourceMap":null,"_coverageSchema":"1a1c01bbd47fc00a2c39e90264f33305004495a9","hash":"38b19a015a8d8cf4a26a253cbdef199a50a37f44"}
,"/home/jlsaltos/Desktop/workspace_q2/todo-list-angular/src/app/todo-list/components/add-todo/add-todo.component.ts": {"path":"/home/jlsaltos/Desktop/workspace_q2/todo-list-angular/src/app/todo-list/components/add-todo/add-todo.component.ts","statementMap":{"0":{"start":{"line":1,"column":0},"end":{"line":1,"column":50}},"1":{"start":{"line":2,"column":0},"end":{"line":2,"column":9}},"2":{"start":{"line":9,"column":29},"end":{"line":29,"column":null}},"3":{"start":{"line":14,"column":21},"end":{"line":14,"column":25}},"4":{"start":{"line":18,"column":4},"end":{"line":21,"column":7}},"5":{"start":{"line":9,"column":13},"end":{"line":29,"column":null}},"6":{"start":{"line":9,"column":13},"end":{"line":9,"column":29}}},"fnMap":{"0":{"name":"(anonymous_0)","decl":{"start":{"line":13,"column":2},"end":{"line":13,"column":null}},"loc":{"start":{"line":14,"column":36},"end":{"line":15,"column":3}}},"1":{"name":"(anonymous_1)","decl":{"start":{"line":17,"column":2},"end":{"line":17,"column":10}},"loc":{"start":{"line":17,"column":10},"end":{"line":22,"column":3}}},"2":{"name":"(anonymous_2)","decl":{"start":{"line":24,"column":2},"end":{"line":24,"column":12}},"loc":{"start":{"line":24,"column":12},"end":{"line":26,"column":3}}}},"branchMap":{},"s":{"0":1,"1":1,"2":1,"3":0,"4":0,"5":1,"6":1},"f":{"0":0,"1":0,"2":0},"b":{}}
,"/home/jlsaltos/Desktop/workspace_q2/todo-list-angular/src/app/todo-list/components/todo-wrapper/todo-wrapper.component.html": {"path":"/home/jlsaltos/Desktop/workspace_q2/todo-list-angular/src/app/todo-list/components/todo-wrapper/todo-wrapper.component.html","statementMap":{"0":{"start":{"line":1,"column":0},"end":{"line":1,"column":837}}},"fnMap":{},"branchMap":{},"s":{"0":1},"f":{},"b":{},"inputSourceMap":null,"_coverageSchema":"1a1c01bbd47fc00a2c39e90264f33305004495a9","hash":"a1c52f0f22586bf2ecd51634ab90bea2e5e757c2"}
,"/home/jlsaltos/Desktop/workspace_q2/todo-list-angular/src/app/todo-list/components/todo-wrapper/todo-wrapper.component.ts": {"path":"/home/jlsaltos/Desktop/workspace_q2/todo-list-angular/src/app/todo-list/components/todo-wrapper/todo-wrapper.component.ts","statementMap":{"0":{"start":{"line":1,"column":0},"end":{"line":1,"column":50}},"1":{"start":{"line":2,"column":0},"end":{"line":2,"column":9}},"2":{"start":{"line":3,"column":0},"end":{"line":3,"column":9}},"3":{"start":{"line":5,"column":0},"end":{"line":5,"column":9}},"4":{"start":{"line":12,"column":33},"end":{"line":37,"column":null}},"5":{"start":{"line":17,"column":21},"end":{"line":17,"column":34}},"6":{"start":{"line":18,"column":21},"end":{"line":18,"column":28}},"7":{"start":{"line":19,"column":12},"end":{"line":19,"column":20}},"8":{"start":{"line":14,"column":2},"end":{"line":14,"column":28}},"9":{"start":{"line":22,"column":4},"end":{"line":22,"column":23}},"10":{"start":{"line":23,"column":4},"end":{"line":23,"column":69}},"11":{"start":{"line":23,"column":43},"end":{"line":23,"column":67}},"12":{"start":{"line":27,"column":4},"end":{"line":27,"column":47}},"13":{"start":{"line":34,"column":4},"end":{"line":34,"column":36}},"14":{"start":{"line":12,"column":13},"end":{"line":37,"column":null}},"15":{"start":{"line":12,"column":13},"end":{"line":12,"column":33}}},"fnMap":{"0":{"name":"(anonymous_0)","decl":{"start":{"line":16,"column":2},"end":{"line":16,"column":null}},"loc":{"start":{"line":19,"column":26},"end":{"line":19,"column":31}}},"1":{"name":"(anonymous_1)","decl":{"start":{"line":21,"column":2},"end":{"line":21,"column":10}},"loc":{"start":{"line":21,"column":10},"end":{"line":24,"column":3}}},"2":{"name":"(anonymous_2)","decl":{"start":{"line":23,"column":35},"end":{"line":23,"column":39}},"loc":{"start":{"line":23,"column":43},"end":{"line":23,"column":67}}},"3":{"name":"(anonymous_3)","decl":{"start":{"line":26,"column":2},"end":{"line":26,"column":13}},"loc":{"start":{"line":26,"column":13},"end":{"line":28,"column":3}}},"4":{"name":"(anonymous_4)","decl":{"start":{"line":30,"column":2},"end":{"line":30,"column":16}},"loc":{"start":{"line":30,"column":27},"end":{"line":31,"column":3}}},"5":{"name":"(anonymous_5)","decl":{"start":{"line":33,"column":2},"end":{"line":33,"column":9}},"loc":{"start":{"line":33,"column":9},"end":{"line":35,"column":3}}}},"branchMap":{},"s":{"0":1,"1":1,"2":1,"3":1,"4":1,"5":1,"6":1,"7":1,"8":1,"9":1,"10":1,"11":1,"12":1,"13":0,"14":1,"15":1},"f":{"0":1,"1":1,"2":1,"3":1,"4":0,"5":0},"b":{}}
,"/home/jlsaltos/Desktop/workspace_q2/todo-list-angular/src/app/todo-list/services/state.service.ts": {"path":"/home/jlsaltos/Desktop/workspace_q2/todo-list-angular/src/app/todo-list/services/state.service.ts","statementMap":{"0":{"start":{"line":1,"column":0},"end":{"line":1,"column":43}},"1":{"start":{"line":2,"column":0},"end":{"line":2,"column":39}},"2":{"start":{"line":8,"column":25},"end":{"line":31,"column":null}},"3":{"start":{"line":10,"column":9},"end":{"line":10,"column":60}},"4":{"start":{"line":11,"column":9},"end":{"line":11,"column":60}},"5":{"start":{"line":16,"column":4},"end":{"line":16,"column":39}},"6":{"start":{"line":20,"column":4},"end":{"line":20,"column":33}},"7":{"start":{"line":24,"column":4},"end":{"line":24,"column":37}},"8":{"start":{"line":28,"column":4},"end":{"line":28,"column":31}},"9":{"start":{"line":8,"column":13},"end":{"line":31,"column":null}},"10":{"start":{"line":8,"column":13},"end":{"line":8,"column":25}}},"fnMap":{"0":{"name":"(anonymous_0)","decl":{"start":{"line":13,"column":2},"end":{"line":13,"column":18}},"loc":{"start":{"line":13,"column":2},"end":{"line":13,"column":19}}},"1":{"name":"(anonymous_1)","decl":{"start":{"line":15,"column":2},"end":{"line":15,"column":6}},"loc":{"start":{"line":15,"column":16},"end":{"line":17,"column":3}}},"2":{"name":"(anonymous_2)","decl":{"start":{"line":19,"column":2},"end":{"line":19,"column":15}},"loc":{"start":{"line":19,"column":27},"end":{"line":21,"column":3}}},"3":{"name":"(anonymous_3)","decl":{"start":{"line":23,"column":2},"end":{"line":23,"column":6}},"loc":{"start":{"line":23,"column":14},"end":{"line":25,"column":3}}},"4":{"name":"(anonymous_4)","decl":{"start":{"line":27,"column":2},"end":{"line":27,"column":13}},"loc":{"start":{"line":27,"column":27},"end":{"line":29,"column":3}}}},"branchMap":{},"s":{"0":1,"1":1,"2":1,"3":1,"4":1,"5":0,"6":0,"7":0,"8":0,"9":1,"10":1},"f":{"0":1,"1":0,"2":0,"3":0,"4":0},"b":{}}
,"/home/jlsaltos/Desktop/workspace_q2/todo-list-angular/src/app/todo-list/services/todo.service.ts": {"path":"/home/jlsaltos/Desktop/workspace_q2/todo-list-angular/src/app/todo-list/services/todo.service.ts","statementMap":{"0":{"start":{"line":1,"column":0},"end":{"line":1,"column":9}},"1":{"start":{"line":2,"column":0},"end":{"line":2,"column":43}},"2":{"start":{"line":5,"column":0},"end":{"line":5,"column":37}},"3":{"start":{"line":6,"column":0},"end":{"line":6,"column":9}},"4":{"start":{"line":11,"column":24},"end":{"line":31,"column":null}},"5":{"start":{"line":17,"column":12},"end":{"line":17,"column":18}},"6":{"start":{"line":18,"column":21},"end":{"line":18,"column":28}},"7":{"start":{"line":13,"column":19},"end":{"line":13,"column":32}},"8":{"start":{"line":14,"column":19},"end":{"line":14,"column":65}},"9":{"start":{"line":22,"column":4},"end":{"line":28,"column":6}},"10":{"start":{"line":25,"column":10},"end":{"line":25,"column":44}},"11":{"start":{"line":11,"column":13},"end":{"line":31,"column":null}},"12":{"start":{"line":11,"column":13},"end":{"line":11,"column":24}}},"fnMap":{"0":{"name":"(anonymous_0)","decl":{"start":{"line":16,"column":2},"end":{"line":16,"column":null}},"loc":{"start":{"line":18,"column":40},"end":{"line":19,"column":7}}},"1":{"name":"(anonymous_1)","decl":{"start":{"line":21,"column":2},"end":{"line":21,"column":13}},"loc":{"start":{"line":21,"column":13},"end":{"line":29,"column":3}}},"2":{"name":"(anonymous_2)","decl":{"start":{"line":24,"column":8},"end":{"line":24,"column":12}},"loc":{"start":{"line":24,"column":15},"end":{"line":26,"column":9}}}},"branchMap":{},"s":{"0":1,"1":1,"2":1,"3":1,"4":1,"5":1,"6":1,"7":1,"8":1,"9":1,"10":0,"11":1,"12":1},"f":{"0":1,"1":1,"2":0},"b":{}}
}
