TN:
SF:src/app/todo-list/components/add-todo/add-todo.component.html
FNF:0
FNH:0
DA:1,1
LF:1
LH:1
BRF:0
BRH:0
end_of_record
TN:
SF:src/app/todo-list/components/add-todo/add-todo.component.ts
FN:13,(anonymous_0)
FN:17,(anonymous_1)
FN:24,(anonymous_2)
FNF:3
FNH:0
FNDA:0,(anonymous_0)
FNDA:0,(anonymous_1)
FNDA:0,(anonymous_2)
DA:1,1
DA:2,1
DA:9,1
DA:14,0
DA:18,0
LF:5
LH:3
BRF:0
BRH:0
end_of_record
TN:
SF:src/app/todo-list/components/todo-wrapper/todo-wrapper.component.html
FNF:0
FNH:0
DA:1,1
LF:1
LH:1
BRF:0
BRH:0
end_of_record
TN:
SF:src/app/todo-list/components/todo-wrapper/todo-wrapper.component.ts
FN:16,(anonymous_0)
FN:21,(anonymous_1)
FN:23,(anonymous_2)
FN:26,(anonymous_3)
FN:30,(anonymous_4)
FN:33,(anonymous_5)
FNF:6
FNH:4
FNDA:1,(anonymous_0)
FNDA:1,(anonymous_1)
FNDA:1,(anonymous_2)
FNDA:1,(anonymous_3)
FNDA:0,(anonymous_4)
FNDA:0,(anonymous_5)
DA:1,1
DA:2,1
DA:3,1
DA:5,1
DA:12,1
DA:14,1
DA:17,1
DA:18,1
DA:19,1
DA:22,1
DA:23,1
DA:27,1
DA:34,0
LF:13
LH:12
BRF:0
BRH:0
end_of_record
TN:
SF:src/app/todo-list/services/state.service.ts
FN:13,(anonymous_0)
FN:15,(anonymous_1)
FN:19,(anonymous_2)
FN:23,(anonymous_3)
FN:27,(anonymous_4)
FNF:5
FNH:1
FNDA:1,(anonymous_0)
FNDA:0,(anonymous_1)
FNDA:0,(anonymous_2)
FNDA:0,(anonymous_3)
FNDA:0,(anonymous_4)
DA:1,1
DA:2,1
DA:8,1
DA:10,1
DA:11,1
DA:16,0
DA:20,0
DA:24,0
DA:28,0
LF:9
LH:5
BRF:0
BRH:0
end_of_record
TN:
SF:src/app/todo-list/services/todo.service.ts
FN:16,(anonymous_0)
FN:21,(anonymous_1)
FN:24,(anonymous_2)
FNF:3
FNH:2
FNDA:1,(anonymous_0)
FNDA:1,(anonymous_1)
FNDA:0,(anonymous_2)
DA:1,1
DA:2,1
DA:5,1
DA:6,1
DA:11,1
DA:13,1
DA:14,1
DA:17,1
DA:18,1
DA:22,1
DA:25,0
LF:11
LH:10
BRF:0
BRH:0
end_of_record
